<?xml version="1.0" encoding="UTF-8"?>
<!-- Generated by org.testng.reporters.JUnitReportReporter -->
<testsuite hostname="DESKTOP-C11JMBV" failures="0" tests="2" name="testcases.DarazHelpCenterPageTest" time="60.631" errors="0" timestamp="2023-06-03T00:51:08 BDT" skipped="0">
  <testcase classname="testcases.DarazHelpCenterPageTest" name="TestHelpCenterPageUrl" time="42.892"/>
  <system-out/>
  <testcase classname="testcases.DarazHelpCenterPageTest" name="TestHelpCenterPageTitle" time="17.739"/>
  <system-out/>
</testsuite> <!-- testcases.DarazHelpCenterPageTest -->
