<?xml version="1.0" encoding="UTF-8"?>
<!-- Generated by org.testng.reporters.JUnitReportReporter -->
<testsuite hostname="DESKTOP-C11JMBV" failures="0" tests="1" name="testcases.DarazHomePageTest" time="25.038" errors="0" timestamp="2023-06-02T02:00:39 BDT" skipped="0">
  <testcase classname="testcases.DarazHomePageTest" name="TestHomePageScroll" time="25.038"/>
  <system-out/>
</testsuite> <!-- testcases.DarazHomePageTest -->
