<?xml version="1.0" encoding="UTF-8"?>
<!-- Generated by org.testng.reporters.JUnitReportReporter -->
<testsuite hostname="DESKTOP-C11JMBV" failures="0" tests="4" name="testcases.DarazLoginPageTest" time="110.295" errors="0" timestamp="2023-06-03T00:51:09 BDT" skipped="0">
  <testcase classname="testcases.DarazLoginPageTest" name="TestLoginWithIvalidPhoneNumber" time="46.568"/>
  <system-out/>
  <testcase classname="testcases.DarazLoginPageTest" name="TestLoginWithIvalidPhoneNumber" time="18.806"/>
  <system-out/>
  <testcase classname="testcases.DarazLoginPageTest" name="TestLoginWithIvalidPhoneNumber" time="16.694"/>
  <system-out/>
  <testcase classname="testcases.DarazLoginPageTest" name="TestLoginWithIvalidPhoneNumber" time="28.227"/>
  <system-out/>
</testsuite> <!-- testcases.DarazLoginPageTest -->
